#
# A fatal error has been detected by the Java Runtime Environment:
#
#  EXCEPTION_ACCESS_VIOLATION (0xc0000005) at pc=0x0000000000ea44f3, pid=20244, tid=32372
#
# JRE version: OpenJDK Runtime Environment (15.0.2+7) (build 15.0.2+7-27)
# Java VM: OpenJDK 64-Bit Server VM (15.0.2+7-27, mixed mode, sharing, tiered, compressed oops, g1 gc, windows-amd64)
# Problematic frame:
# C  [libtesseract-3.dll+0x1344f3]
#
# No core dump will be written. Minidumps are not enabled by default on client versions of Windows
#
# If you would like to submit a bug report, please visit:
#   https://bugreport.java.com/bugreport/crash.jsp
# The crash happened outside the Java Virtual Machine in native code.
# See problematic frame for where to report the bug.
#

---------------  S U M M A R Y ------------

Command Line: -XX:TieredStopAtLevel=1 -Xverify:none -Dspring.output.ansi.enabled=always -javaagent:C:\Program Files\JetBrains\IntelliJ IDEA 2021.1\lib\idea_rt.jar=61330:C:\Program Files\JetBrains\IntelliJ IDEA 2021.1\bin -Dcom.sun.management.jmxremote -Dspring.jmx.enabled=true -Dspring.liveBeansView.mbeanDomain -Dspring.application.admin.enabled=true -Dfile.encoding=UTF-8 com.example.hackathonendava.HackathonEndavaApplication

Host: Intel(R) Core(TM) i7-9750H CPU @ 2.60GHz, 12 cores, 15G,  Windows 10 , 64 bit Build 19041 (10.0.19041.1348)
Time: Fri Jan 14 00:21:58 2022 GTB Standard Time elapsed time: 54.208941 seconds (0d 0h 0m 54s)

---------------  T H R E A D  ---------------

Current thread (0x000001a2b8652360):  JavaThread "http-nio-8082-exec-1" daemon [_thread_in_native, id=32372, stack(0x0000005a6a900000,0x0000005a6aa00000)]

Stack: [0x0000005a6a900000,0x0000005a6aa00000],  sp=0x0000005a6a9f9710,  free space=997k
Native frames: (J=compiled Java code, j=interpreted, Vv=VM code, C=native code)
C  [libtesseract-3.dll+0x1344f3]

Java frames: (J=compiled Java code, j=interpreted, Vv=VM code)
j  org.bytedeco.javacpp.tesseract$TessBaseAPI.GetUTF8Text()Lorg/bytedeco/javacpp/BytePointer;+0
j  com.example.hackathonendava.ocr.ImageToText.calculateText()V+3
j  com.example.hackathonendava.ocr.ImageToText.imageToText(Ljava/lang/String;)Ljava/lang/String;+7
j  com.example.hackathonendava.controllers.AppController.StringhandleFileUpload(Lorg/springframework/ui/Model;Lorg/springframework/web/multipart/MultipartFile;)Lorg/springframework/web/servlet/view/RedirectView;+75
v  ~StubRoutines::call_stub
J 2387  jdk.internal.reflect.NativeMethodAccessorImpl.invoke0(Ljava/lang/reflect/Method;Ljava/lang/Object;[Ljava/lang/Object;)Ljava/lang/Object; java.base@15.0.2 (0 bytes) @ 0x000001a29a62aacf [0x000001a29a62aa40+0x000000000000008f]
J 2386 c1 jdk.internal.reflect.NativeMethodAccessorImpl.invoke(Ljava/lang/Object;[Ljava/lang/Object;)Ljava/lang/Object; java.base@15.0.2 (117 bytes) @ 0x000001a29a62bb2c [0x000001a29a62b7a0+0x000000000000038c]
J 2260 c1 jdk.internal.reflect.DelegatingMethodAccessorImpl.invoke(Ljava/lang/Object;[Ljava/lang/Object;)Ljava/lang/Object; java.base@15.0.2 (10 bytes) @ 0x000001a29a5f07e4 [0x000001a29a5f07a0+0x0000000000000044]
J 2484 c1 java.lang.reflect.Method.invoke(Ljava/lang/Object;[Ljava/lang/Object;)Ljava/lang/Object; java.base@15.0.2 (65 bytes) @ 0x000001a29a65d874 [0x000001a29a65d760+0x0000000000000114]
j  org.springframework.web.method.support.InvocableHandlerMethod.doInvoke([Ljava/lang/Object;)Ljava/lang/Object;+28
j  org.springframework.web.method.support.InvocableHandlerMethod.invokeForRequest(Lorg/springframework/web/context/request/NativeWebRequest;Lorg/springframework/web/method/support/ModelAndViewContainer;[Ljava/lang/Object;)Ljava/lang/Object;+54
j  org.springframework.web.servlet.mvc.method.annotation.ServletInvocableHandlerMethod.invokeAndHandle(Lorg/springframework/web/context/request/ServletWebRequest;Lorg/springframework/web/method/support/ModelAndViewContainer;[Ljava/lang/Object;)V+4
j  org.springframework.web.servlet.mvc.method.annotation.RequestMappingHandlerAdapter.invokeHandlerMethod(Ljavax/servlet/http/HttpServletRequest;Ljavax/servlet/http/HttpServletResponse;Lorg/springframework/web/method/HandlerMethod;)Lorg/springframework/web/servlet/ModelAndView;+244
j  org.springframework.web.servlet.mvc.method.annotation.RequestMappingHandlerAdapter.handleInternal(Ljavax/servlet/http/HttpServletRequest;Ljavax/servlet/http/HttpServletResponse;Lorg/springframework/web/method/HandlerMethod;)Lorg/springframework/web/servlet/ModelAndView;+81
j  org.springframework.web.servlet.mvc.method.AbstractHandlerMethodAdapter.handle(Ljavax/servlet/http/HttpServletRequest;Ljavax/servlet/http/HttpServletResponse;Ljava/lang/Object;)Lorg/springframework/web/servlet/ModelAndView;+7
j  org.springframework.web.servlet.DispatcherServlet.doDispatch(Ljavax/servlet/http/HttpServletRequest;Ljavax/servlet/http/HttpServletResponse;)V+259
j  org.springframework.web.servlet.DispatcherServlet.doService(Ljavax/servlet/http/HttpServletRequest;Ljavax/servlet/http/HttpServletResponse;)V+241
j  org.springframework.web.servlet.FrameworkServlet.processRequest(Ljavax/servlet/http/HttpServletRequest;Ljavax/servlet/http/HttpServletResponse;)V+71
j  org.springframework.web.servlet.FrameworkServlet.doPost(Ljavax/servlet/http/HttpServletRequest;Ljavax/servlet/http/HttpServletResponse;)V+3
j  javax.servlet.http.HttpServlet.service(Ljavax/servlet/http/HttpServletRequest;Ljavax/servlet/http/HttpServletResponse;)V+149
j  org.springframework.web.servlet.FrameworkServlet.service(Ljavax/servlet/http/HttpServletRequest;Ljavax/servlet/http/HttpServletResponse;)V+33
j  javax.servlet.http.HttpServlet.service(Ljavax/servlet/ServletRequest;Ljavax/servlet/ServletResponse;)V+36
J 7233 c1 org.apache.catalina.core.ApplicationFilterChain.internalDoFilter(Ljavax/servlet/ServletRequest;Ljavax/servlet/ServletResponse;)V (388 bytes) @ 0x000001a29ade42c4 [0x000001a29ade4080+0x0000000000000244]
J 7236 c1 org.apache.catalina.core.ApplicationFilterChain.doFilter(Ljavax/servlet/ServletRequest;Ljavax/servlet/ServletResponse;)V (103 bytes) @ 0x000001a29ade7954 [0x000001a29ade7920+0x0000000000000034]
j  org.apache.tomcat.websocket.server.WsFilter.doFilter(Ljavax/servlet/ServletRequest;Ljavax/servlet/ServletResponse;Ljavax/servlet/FilterChain;)V+21
J 7233 c1 org.apache.catalina.core.ApplicationFilterChain.internalDoFilter(Ljavax/servlet/ServletRequest;Ljavax/servlet/ServletResponse;)V (388 bytes) @ 0x000001a29ade4514 [0x000001a29ade4080+0x0000000000000494]
J 7236 c1 org.apache.catalina.core.ApplicationFilterChain.doFilter(Ljavax/servlet/ServletRequest;Ljavax/servlet/ServletResponse;)V (103 bytes) @ 0x000001a29ade7954 [0x000001a29ade7920+0x0000000000000034]
J 6910 c1 org.springframework.security.web.FilterChainProxy$VirtualFilterChain.doFilter(Ljavax/servlet/ServletRequest;Ljavax/servlet/ServletResponse;)V (142 bytes) @ 0x000001a29ad486fc [0x000001a29ad480a0+0x000000000000065c]
j  org.springframework.security.web.access.intercept.FilterSecurityInterceptor.invoke(Lorg/springframework/security/web/FilterInvocation;)V+79
j  org.springframework.security.web.access.intercept.FilterSecurityInterceptor.doFilter(Ljavax/servlet/ServletRequest;Ljavax/servlet/ServletResponse;Ljavax/servlet/FilterChain;)V+11
J 6910 c1 org.springframework.security.web.FilterChainProxy$VirtualFilterChain.doFilter(Ljavax/servlet/ServletRequest;Ljavax/servlet/ServletResponse;)V (142 bytes) @ 0x000001a29ad4864c [0x000001a29ad480a0+0x00000000000005ac]
j  org.springframework.security.web.access.ExceptionTranslationFilter.doFilter(Ljavax/servlet/http/HttpServletRequest;Ljavax/servlet/http/HttpServletResponse;Ljavax/servlet/FilterChain;)V+3
j  org.springframework.security.web.access.ExceptionTranslationFilter.doFilter(Ljavax/servlet/ServletRequest;Ljavax/servlet/ServletResponse;Ljavax/servlet/FilterChain;)V+10
J 6910 c1 org.springframework.security.web.FilterChainProxy$VirtualFilterChain.doFilter(Ljavax/servlet/ServletRequest;Ljavax/servlet/ServletResponse;)V (142 bytes) @ 0x000001a29ad4864c [0x000001a29ad480a0+0x00000000000005ac]
j  org.springframework.security.web.session.SessionManagementFilter.doFilter(Ljavax/servlet/http/HttpServletRequest;Ljavax/servlet/http/HttpServletResponse;Ljavax/servlet/FilterChain;)V+210
j  org.springframework.security.web.session.SessionManagementFilter.doFilter(Ljavax/servlet/ServletRequest;Ljavax/servlet/ServletResponse;Ljavax/servlet/FilterChain;)V+10
J 6910 c1 org.springframework.security.web.FilterChainProxy$VirtualFilterChain.doFilter(Ljavax/servlet/ServletRequest;Ljavax/servlet/ServletResponse;)V (142 bytes) @ 0x000001a29ad4864c [0x000001a29ad480a0+0x00000000000005ac]
j  org.springframework.security.web.authentication.AnonymousAuthenticationFilter.doFilter(Ljavax/servlet/ServletRequest;Ljavax/servlet/ServletResponse;Ljavax/servlet/FilterChain;)V+118
J 6910 c1 org.springframework.security.web.FilterChainProxy$VirtualFilterChain.doFilter(Ljavax/servlet/ServletRequest;Ljavax/servlet/ServletResponse;)V (142 bytes) @ 0x000001a29ad4864c [0x000001a29ad480a0+0x00000000000005ac]
j  org.springframework.security.web.servletapi.SecurityContextHolderAwareRequestFilter.doFilter(Ljavax/servlet/ServletRequest;Ljavax/servlet/ServletResponse;Ljavax/servlet/FilterChain;)V+19
J 6910 c1 org.springframework.security.web.FilterChainProxy$VirtualFilterChain.doFilter(Ljavax/servlet/ServletRequest;Ljavax/servlet/ServletResponse;)V (142 bytes) @ 0x000001a29ad4864c [0x000001a29ad480a0+0x00000000000005ac]
j  org.springframework.security.web.savedrequest.RequestCacheAwareFilter.doFilter(Ljavax/servlet/ServletRequest;Ljavax/servlet/ServletResponse;Ljavax/servlet/FilterChain;)V+32
J 6910 c1 org.springframework.security.web.FilterChainProxy$VirtualFilterChain.doFilter(Ljavax/servlet/ServletRequest;Ljavax/servlet/ServletResponse;)V (142 bytes) @ 0x000001a29ad4864c [0x000001a29ad480a0+0x00000000000005ac]
j  org.springframework.security.web.authentication.AbstractAuthenticationProcessingFilter.doFilter(Ljavax/servlet/http/HttpServletRequest;Ljavax/servlet/http/HttpServletResponse;Ljavax/servlet/FilterChain;)V+12
j  org.springframework.security.web.authentication.AbstractAuthenticationProcessingFilter.doFilter(Ljavax/servlet/ServletRequest;Ljavax/servlet/ServletResponse;Ljavax/servlet/FilterChain;)V+10
J 6910 c1 org.springframework.security.web.FilterChainProxy$VirtualFilterChain.doFilter(Ljavax/servlet/ServletRequest;Ljavax/servlet/ServletResponse;)V (142 bytes) @ 0x000001a29ad4864c [0x000001a29ad480a0+0x00000000000005ac]
j  org.springframework.security.web.authentication.logout.LogoutFilter.doFilter(Ljavax/servlet/http/HttpServletRequest;Ljavax/servlet/http/HttpServletResponse;Ljavax/servlet/FilterChain;)V+77
j  org.springframework.security.web.authentication.logout.LogoutFilter.doFilter(Ljavax/servlet/ServletRequest;Ljavax/servlet/ServletResponse;Ljavax/servlet/FilterChain;)V+10
J 6910 c1 org.springframework.security.web.FilterChainProxy$VirtualFilterChain.doFilter(Ljavax/servlet/ServletRequest;Ljavax/servlet/ServletResponse;)V (142 bytes) @ 0x000001a29ad4864c [0x000001a29ad480a0+0x00000000000005ac]
j  org.springframework.security.web.csrf.CsrfFilter.doFilterInternal(Ljavax/servlet/http/HttpServletRequest;Ljavax/servlet/http/HttpServletResponse;Ljavax/servlet/FilterChain;)V+274
J 7235 c1 org.springframework.web.filter.OncePerRequestFilter.doFilter(Ljavax/servlet/ServletRequest;Ljavax/servlet/ServletResponse;Ljavax/servlet/FilterChain;)V (175 bytes) @ 0x000001a29ade71e4 [0x000001a29ade6e80+0x0000000000000364]
J 6910 c1 org.springframework.security.web.FilterChainProxy$VirtualFilterChain.doFilter(Ljavax/servlet/ServletRequest;Ljavax/servlet/ServletResponse;)V (142 bytes) @ 0x000001a29ad4864c [0x000001a29ad480a0+0x00000000000005ac]
j  org.springframework.security.web.header.HeaderWriterFilter.doHeadersAfter(Ljavax/servlet/http/HttpServletRequest;Ljavax/servlet/http/HttpServletResponse;Ljavax/servlet/FilterChain;)V+29
j  org.springframework.security.web.header.HeaderWriterFilter.doFilterInternal(Ljavax/servlet/http/HttpServletRequest;Ljavax/servlet/http/HttpServletResponse;Ljavax/servlet/FilterChain;)V+21
J 7235 c1 org.springframework.web.filter.OncePerRequestFilter.doFilter(Ljavax/servlet/ServletRequest;Ljavax/servlet/ServletResponse;Ljavax/servlet/FilterChain;)V (175 bytes) @ 0x000001a29ade71e4 [0x000001a29ade6e80+0x0000000000000364]
J 6910 c1 org.springframework.security.web.FilterChainProxy$VirtualFilterChain.doFilter(Ljavax/servlet/ServletRequest;Ljavax/servlet/ServletResponse;)V (142 bytes) @ 0x000001a29ad4864c [0x000001a29ad480a0+0x00000000000005ac]
j  org.springframework.security.web.context.SecurityContextPersistenceFilter.doFilter(Ljavax/servlet/http/HttpServletRequest;Ljavax/servlet/http/HttpServletResponse;Ljavax/servlet/FilterChain;)V+181
j  org.springframework.security.web.context.SecurityContextPersistenceFilter.doFilter(Ljavax/servlet/ServletRequest;Ljavax/servlet/ServletResponse;Ljavax/servlet/FilterChain;)V+10
J 6910 c1 org.springframework.security.web.FilterChainProxy$VirtualFilterChain.doFilter(Ljavax/servlet/ServletRequest;Ljavax/servlet/ServletResponse;)V (142 bytes) @ 0x000001a29ad4864c [0x000001a29ad480a0+0x00000000000005ac]
j  org.springframework.security.web.context.request.async.WebAsyncManagerIntegrationFilter.doFilterInternal(Ljavax/servlet/http/HttpServletRequest;Ljavax/servlet/http/HttpServletResponse;Ljavax/servlet/FilterChain;)V+42
J 7235 c1 org.springframework.web.filter.OncePerRequestFilter.doFilter(Ljavax/servlet/ServletRequest;Ljavax/servlet/ServletResponse;Ljavax/servlet/FilterChain;)V (175 bytes) @ 0x000001a29ade71e4 [0x000001a29ade6e80+0x0000000000000364]
J 6910 c1 org.springframework.security.web.FilterChainProxy$VirtualFilterChain.doFilter(Ljavax/servlet/ServletRequest;Ljavax/servlet/ServletResponse;)V (142 bytes) @ 0x000001a29ad4864c [0x000001a29ad480a0+0x00000000000005ac]
j  org.springframework.security.web.FilterChainProxy.doFilterInternal(Ljavax/servlet/ServletRequest;Ljavax/servlet/ServletResponse;Ljavax/servlet/FilterChain;)V+148
j  org.springframework.security.web.FilterChainProxy.doFilter(Ljavax/servlet/ServletRequest;Ljavax/servlet/ServletResponse;Ljavax/servlet/FilterChain;)V+48
j  org.springframework.web.filter.DelegatingFilterProxy.invokeDelegate(Ljavax/servlet/Filter;Ljavax/servlet/ServletRequest;Ljavax/servlet/ServletResponse;Ljavax/servlet/FilterChain;)V+5
j  org.springframework.web.filter.DelegatingFilterProxy.doFilter(Ljavax/servlet/ServletRequest;Ljavax/servlet/ServletResponse;Ljavax/servlet/FilterChain;)V+85
J 7233 c1 org.apache.catalina.core.ApplicationFilterChain.internalDoFilter(Ljavax/servlet/ServletRequest;Ljavax/servlet/ServletResponse;)V (388 bytes) @ 0x000001a29ade4514 [0x000001a29ade4080+0x0000000000000494]
J 7236 c1 org.apache.catalina.core.ApplicationFilterChain.doFilter(Ljavax/servlet/ServletRequest;Ljavax/servlet/ServletResponse;)V (103 bytes) @ 0x000001a29ade7954 [0x000001a29ade7920+0x0000000000000034]
j  org.springframework.web.filter.RequestContextFilter.doFilterInternal(Ljavax/servlet/http/HttpServletRequest;Ljavax/servlet/http/HttpServletResponse;Ljavax/servlet/FilterChain;)V+21
J 7235 c1 org.springframework.web.filter.OncePerRequestFilter.doFilter(Ljavax/servlet/ServletRequest;Ljavax/servlet/ServletResponse;Ljavax/servlet/FilterChain;)V (175 bytes) @ 0x000001a29ade71e4 [0x000001a29ade6e80+0x0000000000000364]
J 7233 c1 org.apache.catalina.core.ApplicationFilterChain.internalDoFilter(Ljavax/servlet/ServletRequest;Ljavax/servlet/ServletResponse;)V (388 bytes) @ 0x000001a29ade4514 [0x000001a29ade4080+0x0000000000000494]
J 7236 c1 org.apache.catalina.core.ApplicationFilterChain.doFilter(Ljavax/servlet/ServletRequest;Ljavax/servlet/ServletResponse;)V (103 bytes) @ 0x000001a29ade7954 [0x000001a29ade7920+0x0000000000000034]
j  org.springframework.web.filter.FormContentFilter.doFilterInternal(Ljavax/servlet/http/HttpServletRequest;Ljavax/servlet/http/HttpServletResponse;Ljavax/servlet/FilterChain;)V+38
J 7235 c1 org.springframework.web.filter.OncePerRequestFilter.doFilter(Ljavax/servlet/ServletRequest;Ljavax/servlet/ServletResponse;Ljavax/servlet/FilterChain;)V (175 bytes) @ 0x000001a29ade71e4 [0x000001a29ade6e80+0x0000000000000364]
J 7233 c1 org.apache.catalina.core.ApplicationFilterChain.internalDoFilter(Ljavax/servlet/ServletRequest;Ljavax/servlet/ServletResponse;)V (388 bytes) @ 0x000001a29ade4514 [0x000001a29ade4080+0x0000000000000494]
J 7236 c1 org.apache.catalina.core.ApplicationFilterChain.doFilter(Ljavax/servlet/ServletRequest;Ljavax/servlet/ServletResponse;)V (103 bytes) @ 0x000001a29ade7954 [0x000001a29ade7920+0x0000000000000034]
j  org.springframework.boot.actuate.metrics.web.servlet.WebMvcMetricsFilter.doFilterInternal(Ljavax/servlet/http/HttpServletRequest;Ljavax/servlet/http/HttpServletResponse;Ljavax/servlet/FilterChain;)V+21
J 7235 c1 org.springframework.web.filter.OncePerRequestFilter.doFilter(Ljavax/servlet/ServletRequest;Ljavax/servlet/ServletResponse;Ljavax/servlet/FilterChain;)V (175 bytes) @ 0x000001a29ade71e4 [0x000001a29ade6e80+0x0000000000000364]
J 7233 c1 org.apache.catalina.core.ApplicationFilterChain.internalDoFilter(Ljavax/servlet/ServletRequest;Ljavax/servlet/ServletResponse;)V (388 bytes) @ 0x000001a29ade4514 [0x000001a29ade4080+0x0000000000000494]
J 7236 c1 org.apache.catalina.core.ApplicationFilterChain.doFilter(Ljavax/servlet/ServletRequest;Ljavax/servlet/ServletResponse;)V (103 bytes) @ 0x000001a29ade7954 [0x000001a29ade7920+0x0000000000000034]
j  org.springframework.web.filter.CharacterEncodingFilter.doFilterInternal(Ljavax/servlet/http/HttpServletRequest;Ljavax/servlet/http/HttpServletResponse;Ljavax/servlet/FilterChain;)V+53
J 7235 c1 org.springframework.web.filter.OncePerRequestFilter.doFilter(Ljavax/servlet/ServletRequest;Ljavax/servlet/ServletResponse;Ljavax/servlet/FilterChain;)V (175 bytes) @ 0x000001a29ade71e4 [0x000001a29ade6e80+0x0000000000000364]
J 7233 c1 org.apache.catalina.core.ApplicationFilterChain.internalDoFilter(Ljavax/servlet/ServletRequest;Ljavax/servlet/ServletResponse;)V (388 bytes) @ 0x000001a29ade4514 [0x000001a29ade4080+0x0000000000000494]
J 7236 c1 org.apache.catalina.core.ApplicationFilterChain.doFilter(Ljavax/servlet/ServletRequest;Ljavax/servlet/ServletResponse;)V (103 bytes) @ 0x000001a29ade7954 [0x000001a29ade7920+0x0000000000000034]
j  org.apache.catalina.core.StandardWrapperValve.invoke(Lorg/apache/catalina/connector/Request;Lorg/apache/catalina/connector/Response;)V+694
j  org.apache.catalina.core.StandardContextValve.invoke(Lorg/apache/catalina/connector/Request;Lorg/apache/catalina/connector/Response;)V+169
j  org.apache.catalina.authenticator.AuthenticatorBase.invoke(Lorg/apache/catalina/connector/Request;Lorg/apache/catalina/connector/Response;)V+260
j  org.apache.catalina.core.StandardHostValve.invoke(Lorg/apache/catalina/connector/Request;Lorg/apache/catalina/connector/Response;)V+128
j  org.apache.catalina.valves.ErrorReportValve.invoke(Lorg/apache/catalina/connector/Request;Lorg/apache/catalina/connector/Response;)V+6
j  org.apache.catalina.core.StandardEngineValve.invoke(Lorg/apache/catalina/connector/Request;Lorg/apache/catalina/connector/Response;)V+59
j  org.apache.catalina.connector.CoyoteAdapter.service(Lorg/apache/coyote/Request;Lorg/apache/coyote/Response;)V+199
j  org.apache.coyote.http11.Http11Processor.service(Lorg/apache/tomcat/util/net/SocketWrapperBase;)Lorg/apache/tomcat/util/net/AbstractEndpoint$Handler$SocketState;+737
j  org.apache.coyote.AbstractProcessorLight.process(Lorg/apache/tomcat/util/net/SocketWrapperBase;Lorg/apache/tomcat/util/net/SocketEvent;)Lorg/apache/tomcat/util/net/AbstractEndpoint$Handler$SocketState;+170
j  org.apache.coyote.AbstractProtocol$ConnectionHandler.process(Lorg/apache/tomcat/util/net/SocketWrapperBase;Lorg/apache/tomcat/util/net/SocketEvent;)Lorg/apache/tomcat/util/net/AbstractEndpoint$Handler$SocketState;+505
j  org.apache.tomcat.util.net.NioEndpoint$SocketProcessor.doRun()V+216
j  org.apache.tomcat.util.net.SocketProcessorBase.run()V+21
j  org.apache.tomcat.util.threads.ThreadPoolExecutor.runWorker(Lorg/apache/tomcat/util/threads/ThreadPoolExecutor$Worker;)V+92
j  org.apache.tomcat.util.threads.ThreadPoolExecutor$Worker.run()V+5
j  org.apache.tomcat.util.threads.TaskThread$WrappingRunnable.run()V+4
j  java.lang.Thread.run()V+11 java.base@15.0.2
v  ~StubRoutines::call_stub

siginfo: EXCEPTION_ACCESS_VIOLATION (0xc0000005), reading address 0x000001a2bce3edd8


Register to memory mapping:

RIP=0x0000000000ea44f3 libtesseract-3.dll
RAX=0x000001a2bdae1f70 points into unknown readable memory: 0x0000000000000000 | 00 00 00 00 00 00 00 00
RBX=0x00000000000001de is an unknown value
RCX=0x000001a2bce3eddc is an unknown value
RDX=0x0 is NULL
RSP=0x0000005a6a9f9710 is pointing into the stack for thread: 0x000001a2b8652360
RBP=0x000001a2bcd3b7a0 points into unknown readable memory: 0x00784c4500784f37 | 37 4f 78 00 45 4c 78 00
RSI=0x0000000000005f98 is an unknown value
RDI=0x000001a2bdae24f0 points into unknown readable memory: 0x00000000bcb8c100 | 00 c1 b8 bc 00 00 00 00
R8 =0x0 is NULL
R9 =0x000001a2bdae1f70 points into unknown readable memory: 0x0000000000000000 | 00 00 00 00 00 00 00 00
R10=0x000001a2bdf33030 points into unknown readable memory: 0x0000000000000000 | 00 00 00 00 00 00 00 00
R11=0x000001a2bce3ede0 is an unknown value
R12=0x000001a2bcd3b7a0 points into unknown readable memory: 0x00784c4500784f37 | 37 4f 78 00 45 4c 78 00
R13=0x000000000000000f is an unknown value
R14=0x000001a2bcd3b8d0 points into unknown readable memory: 0x0000000000000000 | 00 00 00 00 00 00 00 00
R15=0x000001a2bdeb3570 points into unknown readable memory: 0x000000100000000d | 0d 00 00 00 10 00 00 00


Registers:
RAX=0x000001a2bdae1f70, RBX=0x00000000000001de, RCX=0x000001a2bce3eddc, RDX=0x0000000000000000
RSP=0x0000005a6a9f9710, RBP=0x000001a2bcd3b7a0, RSI=0x0000000000005f98, RDI=0x000001a2bdae24f0
R8 =0x0000000000000000, R9 =0x000001a2bdae1f70, R10=0x000001a2bdf33030, R11=0x000001a2bce3ede0
R12=0x000001a2bcd3b7a0, R13=0x000000000000000f, R14=0x000001a2bcd3b8d0, R15=0x000001a2bdeb3570
RIP=0x0000000000ea44f3, EFLAGS=0x0000000000010202

Top of Stack: (sp=0x0000005a6a9f9710)
0x0000005a6a9f9710:   000001a2bdeb3570 0000000000000000
0x0000005a6a9f9720:   000000000000014c 000001a2bcd3a510
0x0000005a6a9f9730:   000001a290090000 0000000000000053
0x0000005a6a9f9740:   0000005a6a9f98b0 00007ffb70ef9d40
0x0000005a6a9f9750:   0000000000000000 000000000000014c
0x0000005a6a9f9760:   000001a2bdeb3570 000001a2bd16fd50
0x0000005a6a9f9770:   0000005a6a9f9960 000001a2bdadf7a0
0x0000005a6a9f9780:   000001a2bcd3a510 00007ffb71a747b1
0x0000005a6a9f9790:   000001a2bdae1d70 000001a2bdadff30
0x0000005a6a9f97a0:   000001a2bdae06c0 000001a2bdacf1a0
0x0000005a6a9f97b0:   00000000000001de 0000005a6a9f9980
0x0000005a6a9f97c0:   000001a2bde00050 00007ffb70ef9d40
0x0000005a6a9f97d0:   0000000000000000 00000000000001de
0x0000005a6a9f97e0:   000001a2bd9e2570 0000000000ed0000
0x0000005a6a9f97f0:   c02aaaaac1555555 0000000000000000
0x0000005a6a9f9800:   0000000000000000 0000000000000000 

Instructions: (pc=0x0000000000ea44f3)
0x0000000000ea43f3:   00 48 c1 e7 02 48 89 f9 e8 d0 e3 06 00 48 89 f9
0x0000000000ea4403:   48 89 84 24 88 00 00 00 e8 c0 e3 06 00 85 f6 48
0x0000000000ea4413:   89 84 24 90 00 00 00 7e 22 48 8b bc 24 80 00 00
0x0000000000ea4423:   00 83 ee 01 48 8d 54 b7 04 48 89 f8 c7 00 00 00
0x0000000000ea4433:   00 00 48 83 c0 04 48 39 d0 75 f1 44 8b 94 24 60
0x0000000000ea4443:   01 00 00 48 8b 84 24 58 01 00 00 45 85 d2 44 8b
0x0000000000ea4453:   68 04 0f 8e a8 01 00 00 41 8d 7d ff 8b 84 24 60
0x0000000000ea4463:   01 00 00 4c 89 e5 48 83 c7 01 48 c1 e7 07 48 03
0x0000000000ea4473:   bc 24 80 00 00 00 83 e8 01 4d 8d 74 84 04 0f b6
0x0000000000ea4483:   45 00 0f b6 4d 02 8d 14 40 0f b6 45 01 8d 0c 49
0x0000000000ea4493:   c1 ea 05 c1 e9 05 8d 04 40 c1 e8 05 45 85 ed 0f
0x0000000000ea44a3:   8e 4e 01 00 00 48 63 d2 48 8b b4 24 58 01 00 00
0x0000000000ea44b3:   48 98 48 8d 14 d2 48 8d 04 40 48 63 c9 4c 8b 8c
0x0000000000ea44c3:   24 80 00 00 00 48 c1 e2 06 4c 8d 96 00 00 04 00
0x0000000000ea44d3:   48 8d 34 c2 48 01 f1 48 8d 34 cd 00 00 00 00 48
0x0000000000ea44e3:   89 f1 49 03 0a 4c 89 c8 4c 8d 59 08 48 83 c1 04
0x0000000000ea44f3:   8b 51 fc 41 89 d0 41 83 e0 03 44 01 00 41 89 d0
0x0000000000ea4503:   41 c1 e8 02 41 83 e0 03 44 01 40 04 41 89 d0 41
0x0000000000ea4513:   c1 e8 04 41 83 e0 03 44 01 40 08 41 89 d0 41 c1
0x0000000000ea4523:   e8 06 41 83 e0 03 44 01 40 0c 41 89 d0 41 c1 e8
0x0000000000ea4533:   08 41 83 e0 03 44 01 40 10 41 89 d0 41 c1 e8 0a
0x0000000000ea4543:   41 83 e0 03 44 01 40 14 41 89 d0 41 c1 e8 0c 41
0x0000000000ea4553:   83 e0 03 44 01 40 18 41 89 d0 41 c1 e8 0e 41 83
0x0000000000ea4563:   e0 03 44 01 40 1c 41 89 d0 41 c1 e8 10 41 83 e0
0x0000000000ea4573:   03 44 01 40 20 41 89 d0 41 c1 e8 12 41 83 e0 03
0x0000000000ea4583:   44 01 40 24 41 89 d0 41 c1 e8 14 41 83 e0 03 44
0x0000000000ea4593:   01 40 28 41 89 d0 41 c1 e8 16 41 83 e0 03 44 01
0x0000000000ea45a3:   40 2c 41 89 d0 41 c1 e8 18 41 83 e0 03 44 01 40
0x0000000000ea45b3:   30 41 89 d0 41 c1 e8 1a 41 83 e0 03 44 01 40 34
0x0000000000ea45c3:   41 89 d0 41 c1 e8 1c c1 ea 1e 01 50 3c 41 83 e0
0x0000000000ea45d3:   03 44 01 40 38 48 83 c0 40 4c 39 d9 0f 85 0a ff
0x0000000000ea45e3:   ff ff 49 83 e9 80 49 83 c2 08 49 39 f9 0f 85 ec 


Stack slot to memory mapping:
stack at sp + 0 slots: 0x000001a2bdeb3570 points into unknown readable memory: 0x000000100000000d | 0d 00 00 00 10 00 00 00
stack at sp + 1 slots: 0x0 is NULL
stack at sp + 2 slots: 0x000000000000014c is an unknown value
stack at sp + 3 slots: 0x000001a2bcd3a510 points into unknown readable memory: 0x972163b61240b612 | 12 b6 40 12 b6 63 21 97
stack at sp + 4 slots: 0x000001a290090000 points into unknown readable memory: 0x0000000000000000 | 00 00 00 00 00 00 00 00
stack at sp + 5 slots: 0x0000000000000053 is an unknown value
stack at sp + 6 slots: 0x0000005a6a9f98b0 is pointing into the stack for thread: 0x000001a2b8652360
stack at sp + 7 slots: 0x00007ffb70ef9d40 msvcrt.dll


---------------  P R O C E S S  ---------------

Threads class SMR info:
_java_thread_list=0x000001a2b7a8dd40, length=36, elements={
0x000001a2b63e9400, 0x000001a2b5bdb900, 0x000001a2b63fca30, 0x000001a2b63fd2f0,
0x000001a2b6400fd0, 0x000001a2b64039b0, 0x000001a2b64043b0, 0x000001a2b5bca1b0,
0x000001a2b69980f0, 0x000001a2b699d6b0, 0x000001a2b6b2ee60, 0x000001a2b7dbf3b0,
0x000001a2b7def7d0, 0x000001a2b8075b80, 0x000001a2b8613c40, 0x000001a2b8626010,
0x000001a2b7fef2b0, 0x000001a2b8651020, 0x000001a2b8650680, 0x000001a2b8652830,
0x000001a2b86519c0, 0x000001a2b8651e90, 0x000001a2b86501b0, 0x000001a2b86531d0,
0x000001a2b8652d00, 0x000001a2b86536a0, 0x000001a2b8652360, 0x000001a2b86514f0,
0x000001a2b864fce0, 0x000001a2b8650b50, 0x000001a2ba7823f0, 0x000001a2ba780be0,
0x000001a2ba7828c0, 0x000001a2ba77ba10, 0x000001a2ba77cd50, 0x000001a2ba77c3b0
}

Java Threads: ( => current thread )
  0x000001a2b63e9400 JavaThread "Reference Handler" daemon [_thread_blocked, id=28884, stack(0x0000005a69500000,0x0000005a69600000)]
  0x000001a2b5bdb900 JavaThread "Finalizer" daemon [_thread_blocked, id=27548, stack(0x0000005a69600000,0x0000005a69700000)]
  0x000001a2b63fca30 JavaThread "Signal Dispatcher" daemon [_thread_blocked, id=26152, stack(0x0000005a69700000,0x0000005a69800000)]
  0x000001a2b63fd2f0 JavaThread "Attach Listener" daemon [_thread_blocked, id=5520, stack(0x0000005a69800000,0x0000005a69900000)]
  0x000001a2b6400fd0 JavaThread "Service Thread" daemon [_thread_blocked, id=19288, stack(0x0000005a69900000,0x0000005a69a00000)]
  0x000001a2b64039b0 JavaThread "C1 CompilerThread0" daemon [_thread_blocked, id=27828, stack(0x0000005a69a00000,0x0000005a69b00000)]
  0x000001a2b64043b0 JavaThread "Sweeper thread" daemon [_thread_blocked, id=13616, stack(0x0000005a69b00000,0x0000005a69c00000)]
  0x000001a2b5bca1b0 JavaThread "Common-Cleaner" daemon [_thread_blocked, id=25712, stack(0x0000005a69c00000,0x0000005a69d00000)]
  0x000001a2b69980f0 JavaThread "Monitor Ctrl-Break" daemon [_thread_in_native, id=14768, stack(0x0000005a69d00000,0x0000005a69e00000)]
  0x000001a2b699d6b0 JavaThread "Notification Thread" daemon [_thread_blocked, id=7288, stack(0x0000005a69e00000,0x0000005a69f00000)]
  0x000001a2b6b2ee60 JavaThread "RMI TCP Accept-0" daemon [_thread_in_native, id=5484, stack(0x0000005a69f00000,0x0000005a6a000000)]
  0x000001a2b7dbf3b0 JavaThread "RMI TCP Connection(idle)" daemon [_thread_blocked, id=25396, stack(0x0000005a6aa00000,0x0000005a6ab00000)]
  0x000001a2b7def7d0 JavaThread "RMI Scheduler(0)" daemon [_thread_blocked, id=9948, stack(0x0000005a6ad00000,0x0000005a6ae00000)]
  0x000001a2b8075b80 JavaThread "RMI TCP Connection(idle)" daemon [_thread_blocked, id=30236, stack(0x0000005a6ae00000,0x0000005a6af00000)]
  0x000001a2b8613c40 JavaThread "Catalina-utility-1" [_thread_blocked, id=29480, stack(0x0000005a6b100000,0x0000005a6b200000)]
  0x000001a2b8626010 JavaThread "Catalina-utility-2" [_thread_blocked, id=25572, stack(0x0000005a6b200000,0x0000005a6b300000)]
  0x000001a2b7fef2b0 JavaThread "container-0" [_thread_blocked, id=18224, stack(0x0000005a6b300000,0x0000005a6b400000)]
  0x000001a2b8651020 JavaThread "mysql-cj-abandoned-connection-cleanup" daemon [_thread_blocked, id=20384, stack(0x0000005a6b400000,0x0000005a6b500000)]
  0x000001a2b8650680 JavaThread "HikariPool-1 housekeeper" daemon [_thread_blocked, id=1476, stack(0x0000005a6b600000,0x0000005a6b700000)]
  0x000001a2b8652830 JavaThread "File Watcher" daemon [_thread_blocked, id=21628, stack(0x0000005a6ba00000,0x0000005a6bb00000)]
  0x000001a2b86519c0 JavaThread "Live Reload Server" daemon [_thread_in_native, id=448, stack(0x0000005a6bd00000,0x0000005a6be00000)]
  0x000001a2b8651e90 JavaThread "http-nio-8082-Poller" daemon [_thread_in_native, id=22156, stack(0x0000005a6bb00000,0x0000005a6bc00000)]
  0x000001a2b86501b0 JavaThread "http-nio-8082-Acceptor" daemon [_thread_in_native, id=5300, stack(0x0000005a6bc00000,0x0000005a6bd00000)]
  0x000001a2b86531d0 JavaThread "DestroyJavaVM" [_thread_blocked, id=26316, stack(0x0000005a68e00000,0x0000005a68f00000)]
  0x000001a2b8652d00 JavaThread "RMI TCP Connection(idle)" daemon [_thread_blocked, id=7408, stack(0x0000005a6a800000,0x0000005a6a900000)]
  0x000001a2b86536a0 JavaThread "RMI TCP Connection(idle)" daemon [_thread_blocked, id=2504, stack(0x0000005a6be00000,0x0000005a6bf00000)]
=>0x000001a2b8652360 JavaThread "http-nio-8082-exec-1" daemon [_thread_in_native, id=32372, stack(0x0000005a6a900000,0x0000005a6aa00000)]
  0x000001a2b86514f0 JavaThread "http-nio-8082-exec-2" daemon [_thread_blocked, id=16472, stack(0x0000005a6b900000,0x0000005a6ba00000)]
  0x000001a2b864fce0 JavaThread "http-nio-8082-exec-3" daemon [_thread_blocked, id=31336, stack(0x0000005a6bf00000,0x0000005a6c000000)]
  0x000001a2b8650b50 JavaThread "http-nio-8082-exec-4" daemon [_thread_blocked, id=23208, stack(0x0000005a6c000000,0x0000005a6c100000)]
  0x000001a2ba7823f0 JavaThread "http-nio-8082-exec-5" daemon [_thread_blocked, id=26492, stack(0x0000005a6c100000,0x0000005a6c200000)]
  0x000001a2ba780be0 JavaThread "http-nio-8082-exec-6" daemon [_thread_in_native, id=27540, stack(0x0000005a6c200000,0x0000005a6c300000)]
  0x000001a2ba7828c0 JavaThread "http-nio-8082-exec-7" daemon [_thread_blocked, id=28060, stack(0x0000005a6c300000,0x0000005a6c400000)]
  0x000001a2ba77ba10 JavaThread "http-nio-8082-exec-8" daemon [_thread_blocked, id=10424, stack(0x0000005a6c400000,0x0000005a6c500000)]
  0x000001a2ba77cd50 JavaThread "http-nio-8082-exec-9" daemon [_thread_blocked, id=13804, stack(0x0000005a6c500000,0x0000005a6c600000)]
  0x000001a2ba77c3b0 JavaThread "http-nio-8082-exec-10" daemon [_thread_blocked, id=29964, stack(0x0000005a6c600000,0x0000005a6c700000)]

Other Threads:
  0x000001a2b5bd93d0 VMThread "VM Thread" [stack: 0x0000005a69400000,0x0000005a69500000] [id=19252]
  0x000001a290132a90 WatcherThread [stack: 0x0000005a6a000000,0x0000005a6a100000] [id=19448]
  0x000001a290183dd0 GCTaskThread "GC Thread#0" [stack: 0x0000005a68f00000,0x0000005a69000000] [id=28592]
  0x000001a2b6f0f4f0 GCTaskThread "GC Thread#1" [stack: 0x0000005a6a100000,0x0000005a6a200000] [id=8792]
  0x000001a2b6f104e0 GCTaskThread "GC Thread#2" [stack: 0x0000005a6a200000,0x0000005a6a300000] [id=18248]
  0x000001a2b6f10810 GCTaskThread "GC Thread#3" [stack: 0x0000005a6a300000,0x0000005a6a400000] [id=17180]
  0x000001a2b6f0f820 GCTaskThread "GC Thread#4" [stack: 0x0000005a6a400000,0x0000005a6a500000] [id=20420]
  0x000001a2b6f0e830 GCTaskThread "GC Thread#5" [stack: 0x0000005a6a500000,0x0000005a6a600000] [id=31916]
  0x000001a2b6f0fb50 GCTaskThread "GC Thread#6" [stack: 0x0000005a6ab00000,0x0000005a6ac00000] [id=16896]
  0x000001a2b6f0e500 GCTaskThread "GC Thread#7" [stack: 0x0000005a6ac00000,0x0000005a6ad00000] [id=1832]
  0x000001a2b6f0db70 GCTaskThread "GC Thread#8" [stack: 0x0000005a6b700000,0x0000005a6b800000] [id=20796]
  0x000001a2b6f0dea0 GCTaskThread "GC Thread#9" [stack: 0x0000005a6b800000,0x0000005a6b900000] [id=29940]
  0x000001a290194ce0 ConcurrentGCThread "G1 Main Marker" [stack: 0x0000005a69000000,0x0000005a69100000] [id=15484]
  0x000001a2901958d0 ConcurrentGCThread "G1 Conc#0" [stack: 0x0000005a69100000,0x0000005a69200000] [id=29156]
  0x000001a2b6f10e70 ConcurrentGCThread "G1 Conc#1" [stack: 0x0000005a6af00000,0x0000005a6b000000] [id=7032]
  0x000001a2b6f0f1c0 ConcurrentGCThread "G1 Conc#2" [stack: 0x0000005a6b000000,0x0000005a6b100000] [id=18720]
  0x000001a2b5a640e0 ConcurrentGCThread "G1 Refine#0" [stack: 0x0000005a69200000,0x0000005a69300000] [id=31824]
  0x000001a2b6e4e130 ConcurrentGCThread "G1 Refine#1" [stack: 0x0000005a6a600000,0x0000005a6a700000] [id=21824]
  0x000001a2b6f13fb0 ConcurrentGCThread "G1 Refine#2" [stack: 0x0000005a6a700000,0x0000005a6a800000] [id=30416]
  0x000001a2901f4fd0 ConcurrentGCThread "G1 Young RemSet Sampling" [stack: 0x0000005a69300000,0x0000005a69400000] [id=31176]

Threads with active compile tasks:

VM state: not at safepoint (normal execution)

VM Mutex/Monitor currently owned by a thread: None

Heap address: 0x0000000702400000, size: 4060 MB, Compressed Oops mode: Zero based, Oop shift amount: 3
CDS archive(s) mapped at: [0x0000000800000000-0x0000000800b50000-0x0000000800b50000), size 11862016, SharedBaseAddress: 0x0000000800000000, ArchiveRelocationMode: 0.
Compressed class space mapped at: 0x0000000800b50000-0x0000000840b50000, size: 1073741824
Narrow klass base: 0x0000000800000000, Narrow klass shift: 3, Narrow klass range: 0x100000000

GC Precious Log:
 CPUs: 12 total, 12 available
 Memory: 16234M
 Large Page Support: Disabled
 NUMA Support: Disabled
 Compressed Oops: Enabled (Zero based)
 Heap Region Size: 2M
 Heap Min Capacity: 8M
 Heap Initial Capacity: 254M
 Heap Max Capacity: 4060M
 Pre-touch: Disabled
 Parallel Workers: 10
 Concurrent Workers: 3
 Concurrent Refinement Workers: 10
 Periodic GC: Disabled

Heap:
 garbage-first heap   total 86016K, used 55001K [0x0000000702400000, 0x0000000800000000)
  region size 2048K, 12 young (24576K), 1 survivors (2048K)
 Metaspace       used 67594K, capacity 68383K, committed 68432K, reserved 1107968K
  class space    used 8954K, capacity 9216K, committed 9216K, reserved 1048576K

Heap Regions: E=young(eden), S=young(survivor), O=old, HS=humongous(starts), HC=humongous(continues), CS=collection set, F=free, OA=open archive, CA=closed archive, TAMS=top-at-mark-start (previous, next)
|   0|0x0000000702400000, 0x0000000702600000, 0x0000000702600000|100%| O|  |TAMS 0x0000000702600000, 0x0000000702400000| Untracked 
|   1|0x0000000702600000, 0x0000000702800000, 0x0000000702800000|100%| O|  |TAMS 0x0000000702800000, 0x0000000702600000| Untracked 
|   2|0x0000000702800000, 0x0000000702a00000, 0x0000000702a00000|100%| O|  |TAMS 0x0000000702a00000, 0x0000000702800000| Untracked 
|   3|0x0000000702a00000, 0x0000000702b09e00, 0x0000000702c00000| 51%| O|  |TAMS 0x0000000702b09e00, 0x0000000702a00000| Untracked 
|   4|0x0000000702c00000, 0x0000000702e00000, 0x0000000702e00000|100%| O|  |TAMS 0x0000000702e00000, 0x0000000702c00000| Untracked 
|   5|0x0000000702e00000, 0x0000000703000000, 0x0000000703000000|100%| O|  |TAMS 0x0000000703000000, 0x0000000702e00000| Untracked 
|   6|0x0000000703000000, 0x0000000703200000, 0x0000000703200000|100%| O|  |TAMS 0x0000000703200000, 0x0000000703000000| Untracked 
|   7|0x0000000703200000, 0x0000000703400000, 0x0000000703400000|100%| O|  |TAMS 0x0000000703400000, 0x0000000703200000| Untracked 
|   8|0x0000000703400000, 0x0000000703600000, 0x0000000703600000|100%| O|  |TAMS 0x0000000703600000, 0x0000000703400000| Untracked 
|   9|0x0000000703600000, 0x0000000703800000, 0x0000000703800000|100%| O|  |TAMS 0x0000000703800000, 0x0000000703600000| Untracked 
|  10|0x0000000703800000, 0x0000000703a00000, 0x0000000703a00000|100%| O|  |TAMS 0x0000000703a00000, 0x0000000703800000| Untracked 
|  11|0x0000000703a00000, 0x0000000703c00000, 0x0000000703c00000|100%| O|  |TAMS 0x0000000703c00000, 0x0000000703a00000| Untracked 
|  12|0x0000000703c00000, 0x0000000703e00000, 0x0000000703e00000|100%| O|  |TAMS 0x0000000703e00000, 0x0000000703c00000| Untracked 
|  13|0x0000000703e00000, 0x0000000704000000, 0x0000000704000000|100%| O|  |TAMS 0x0000000704000000, 0x0000000703e00000| Untracked 
|  14|0x0000000704000000, 0x0000000704200000, 0x0000000704200000|100%| O|  |TAMS 0x0000000704200000, 0x0000000704000000| Untracked 
|  15|0x0000000704200000, 0x0000000704400000, 0x0000000704400000|100%| O|  |TAMS 0x000000070436ac00, 0x0000000704200000| Untracked 
|  16|0x0000000704400000, 0x0000000704600000, 0x0000000704600000|100%| O|  |TAMS 0x0000000704400000, 0x0000000704400000| Untracked 
|  17|0x0000000704600000, 0x00000007047ce800, 0x0000000704800000| 90%| O|  |TAMS 0x0000000704600000, 0x0000000704600000| Untracked 
|  18|0x0000000704800000, 0x0000000704800000, 0x0000000704a00000|  0%| F|  |TAMS 0x0000000704800000, 0x0000000704800000| Untracked 
|  19|0x0000000704a00000, 0x0000000704a00000, 0x0000000704c00000|  0%| F|  |TAMS 0x0000000704a00000, 0x0000000704a00000| Untracked 
|  20|0x0000000704c00000, 0x0000000704c00000, 0x0000000704e00000|  0%| F|  |TAMS 0x0000000704c00000, 0x0000000704c00000| Untracked 
|  21|0x0000000704e00000, 0x0000000704e00000, 0x0000000705000000|  0%| F|  |TAMS 0x0000000704e00000, 0x0000000704e00000| Untracked 
|  22|0x0000000705000000, 0x0000000705000000, 0x0000000705200000|  0%| F|  |TAMS 0x0000000705000000, 0x0000000705000000| Untracked 
|  23|0x0000000705200000, 0x0000000705200000, 0x0000000705400000|  0%| F|  |TAMS 0x0000000705200000, 0x0000000705200000| Untracked 
|  24|0x0000000705400000, 0x0000000705400000, 0x0000000705600000|  0%| F|  |TAMS 0x0000000705400000, 0x0000000705400000| Untracked 
|  25|0x0000000705600000, 0x00000007056de078, 0x0000000705800000| 43%| S|CS|TAMS 0x0000000705600000, 0x0000000705600000| Complete 
|  26|0x0000000705800000, 0x0000000705800000, 0x0000000705a00000|  0%| F|  |TAMS 0x0000000705800000, 0x0000000705800000| Untracked 
|  27|0x0000000705a00000, 0x0000000705a00000, 0x0000000705c00000|  0%| F|  |TAMS 0x0000000705a00000, 0x0000000705a00000| Untracked 
|  28|0x0000000705c00000, 0x0000000705c00000, 0x0000000705e00000|  0%| F|  |TAMS 0x0000000705c00000, 0x0000000705c00000| Untracked 
|  29|0x0000000705e00000, 0x0000000705e00000, 0x0000000706000000|  0%| F|  |TAMS 0x0000000705e00000, 0x0000000705e00000| Untracked 
|  30|0x0000000706000000, 0x0000000706000000, 0x0000000706200000|  0%| F|  |TAMS 0x0000000706000000, 0x0000000706000000| Untracked 
|  31|0x0000000706200000, 0x000000070626ce48, 0x0000000706400000| 21%| E|  |TAMS 0x0000000706200000, 0x0000000706200000| Complete 
|  32|0x0000000706400000, 0x00000007065dec60, 0x0000000706600000| 93%| E|  |TAMS 0x0000000706400000, 0x0000000706400000| Complete 
|  33|0x0000000706600000, 0x0000000706800000, 0x0000000706800000|100%| E|CS|TAMS 0x0000000706600000, 0x0000000706600000| Complete 
|  34|0x0000000706800000, 0x0000000706a00000, 0x0000000706a00000|100%| E|CS|TAMS 0x0000000706800000, 0x0000000706800000| Complete 
|  35|0x0000000706a00000, 0x0000000706c00000, 0x0000000706c00000|100%| E|CS|TAMS 0x0000000706a00000, 0x0000000706a00000| Complete 
|  36|0x0000000706c00000, 0x0000000706e00000, 0x0000000706e00000|100%| E|CS|TAMS 0x0000000706c00000, 0x0000000706c00000| Complete 
|  57|0x0000000709600000, 0x0000000709800000, 0x0000000709800000|100%| E|CS|TAMS 0x0000000709600000, 0x0000000709600000| Complete 
|  58|0x0000000709800000, 0x0000000709a00000, 0x0000000709a00000|100%| E|CS|TAMS 0x0000000709800000, 0x0000000709800000| Complete 
|  59|0x0000000709a00000, 0x0000000709c00000, 0x0000000709c00000|100%| E|CS|TAMS 0x0000000709a00000, 0x0000000709a00000| Complete 
|  60|0x0000000709c00000, 0x0000000709e00000, 0x0000000709e00000|100%| E|CS|TAMS 0x0000000709c00000, 0x0000000709c00000| Complete 
| 126|0x0000000712000000, 0x0000000712200000, 0x0000000712200000|100%| E|CS|TAMS 0x0000000712000000, 0x0000000712000000| Complete 

Card table byte_map: [0x000001a2a9ff0000,0x000001a2aa7e0000] _byte_map_base: 0x000001a2a67de000

Marking Bits (Prev, Next): (CMBitMap*) 0x000001a2901845c0, (CMBitMap*) 0x000001a290184600
 Prev Bits: [0x000001a2aafd0000, 0x000001a2aef40000)
 Next Bits: [0x000001a2aef40000, 0x000001a2b2eb0000)

Polling page: 0x000001a28fe30000

Metaspace:

Usage:
  Non-class:     57.78 MB capacity,    57.27 MB (>99%) used,   424.54 KB ( <1%) free+waste,   102.44 KB ( <1%) overhead. 
      Class:      9.00 MB capacity,     8.74 MB ( 97%) used,   220.41 KB (  2%) free+waste,    41.38 KB ( <1%) overhead. 
       Both:     66.78 MB capacity,    66.01 MB ( 99%) used,   644.95 KB ( <1%) free+waste,   143.81 KB ( <1%) overhead. 

Virtual space:
  Non-class space:       58.00 MB reserved,      57.83 MB (>99%) committed 
      Class space:        1.00 GB reserved,       9.00 MB ( <1%) committed 
             Both:        1.06 GB reserved,      66.83 MB (  6%) committed 

Chunk freelists:
   Non-Class:  49.00 KB
       Class:  0 bytes
        Both:  49.00 KB

MaxMetaspaceSize: 17179869184.00 GB
CompressedClassSpaceSize: 1.00 GB

CodeHeap 'non-profiled nmethods': size=238336Kb used=12192Kb max_used=12192Kb free=226143Kb
 bounds [0x000001a29a2b0000, 0x000001a29aea0000, 0x000001a2a8b70000]
CodeHeap 'non-nmethods': size=7424Kb used=1512Kb max_used=1512Kb free=5911Kb
 bounds [0x000001a299b70000, 0x000001a299de0000, 0x000001a29a2b0000]
 total_blobs=8607 nmethods=7741 adapters=791
 compilation: enabled
              stopped_count=0, restarted_count=0
 full_count=0

Compilation events (20 events):
Event: 52.254 Thread 0x000001a2b64039b0 7732       1       jdk.internal.misc.Unsafe::getAndBitwiseAndInt (27 bytes)
Event: 52.254 Thread 0x000001a2b64039b0 nmethod 7732 0x000001a29ae95c10 code [0x000001a29ae95da0, 0x000001a29ae95e98]
Event: 52.302 Thread 0x000001a2b64039b0 7734       1       java.util.concurrent.ThreadPoolExecutor::isShutdown (12 bytes)
Event: 52.302 Thread 0x000001a2b64039b0 nmethod 7734 0x000001a29ae95f10 code [0x000001a29ae960a0, 0x000001a29ae96178]
Event: 52.302 Thread 0x000001a2b64039b0 7733       1       org.apache.catalina.core.StandardContext::getThreadBindingListener (5 bytes)
Event: 52.302 Thread 0x000001a2b64039b0 nmethod 7733 0x000001a29ae96210 code [0x000001a29ae963a0, 0x000001a29ae96458]
Event: 54.195 Thread 0x000001a2b64039b0 7735       1       org.apache.tomcat.util.buf.AbstractChunk::getLimitInternal (15 bytes)
Event: 54.195 Thread 0x000001a2b64039b0 nmethod 7735 0x000001a29ae96510 code [0x000001a29ae966a0, 0x000001a29ae96778]
Event: 54.195 Thread 0x000001a2b64039b0 7736       1       org.apache.tomcat.util.buf.ByteChunk::setCharset (6 bytes)
Event: 54.195 Thread 0x000001a2b64039b0 nmethod 7736 0x000001a29ae96810 code [0x000001a29ae969a0, 0x000001a29ae96ab8]
Event: 54.195 Thread 0x000001a2b64039b0 7737       1       org.apache.catalina.connector.Connector::getURICharset (5 bytes)
Event: 54.195 Thread 0x000001a2b64039b0 nmethod 7737 0x000001a29ae96b10 code [0x000001a29ae96ca0, 0x000001a29ae96d58]
Event: 54.200 Thread 0x000001a2b64039b0 7738       1       org.apache.tomcat.util.http.fileupload.MultipartStream$ItemInputStream::makeAvailable (217 bytes)
Event: 54.200 Thread 0x000001a2b64039b0 nmethod 7738 0x000001a29ae96e10 code [0x000001a29ae97000, 0x000001a29ae973f8]
Event: 54.200 Thread 0x000001a2b64039b0 7739       1       org.apache.tomcat.util.http.fileupload.MultipartStream$ItemInputStream::read (107 bytes)
Event: 54.200 Thread 0x000001a2b64039b0 nmethod 7739 0x000001a29ae97690 code [0x000001a29ae97860, 0x000001a29ae97b38]
Event: 54.201 Thread 0x000001a2b64039b0 7740       1       org.springframework.web.servlet.mvc.condition.ParamsRequestCondition::getContent (5 bytes)
Event: 54.201 Thread 0x000001a2b64039b0 nmethod 7740 0x000001a29ae97d10 code [0x000001a29ae97ea0, 0x000001a29ae97f58]
Event: 54.201 Thread 0x000001a2b64039b0 7741       1       org.springframework.web.servlet.mvc.condition.HeadersRequestCondition::getContent (5 bytes)
Event: 54.201 Thread 0x000001a2b64039b0 nmethod 7741 0x000001a29ae98010 code [0x000001a29ae981a0, 0x000001a29ae98258]

GC Heap History (20 events):
Event: 2.144 GC heap before
{Heap before GC invocations=7 (full 0):
 garbage-first heap   total 86016K, used 62017K [0x0000000702400000, 0x0000000800000000)
  region size 2048K, 23 young (47104K), 1 survivors (2048K)
 Metaspace       used 27321K, capacity 27736K, committed 27824K, reserved 1073152K
  class space    used 3602K, capacity 3767K, committed 3840K, reserved 1048576K
}
Event: 2.145 GC heap after
{Heap after GC invocations=8 (full 0):
 garbage-first heap   total 86016K, used 17985K [0x0000000702400000, 0x0000000800000000)
  region size 2048K, 1 young (2048K), 1 survivors (2048K)
 Metaspace       used 27321K, capacity 27736K, committed 27824K, reserved 1073152K
  class space    used 3602K, capacity 3767K, committed 3840K, reserved 1048576K
}
Event: 2.563 GC heap before
{Heap before GC invocations=8 (full 0):
 garbage-first heap   total 86016K, used 60993K [0x0000000702400000, 0x0000000800000000)
  region size 2048K, 23 young (47104K), 1 survivors (2048K)
 Metaspace       used 35302K, capacity 35774K, committed 35920K, reserved 1081344K
  class space    used 4625K, capacity 4781K, committed 4864K, reserved 1048576K
}
Event: 2.566 GC heap after
{Heap after GC invocations=9 (full 0):
 garbage-first heap   total 86016K, used 21777K [0x0000000702400000, 0x0000000800000000)
  region size 2048K, 3 young (6144K), 3 survivors (6144K)
 Metaspace       used 35302K, capacity 35774K, committed 35920K, reserved 1081344K
  class space    used 4625K, capacity 4781K, committed 4864K, reserved 1048576K
}
Event: 2.735 GC heap before
{Heap before GC invocations=10 (full 0):
 garbage-first heap   total 86016K, used 62737K [0x0000000702400000, 0x0000000800000000)
  region size 2048K, 23 young (47104K), 3 survivors (6144K)
 Metaspace       used 38627K, capacity 39206K, committed 39344K, reserved 1083392K
  class space    used 5101K, capacity 5277K, committed 5376K, reserved 1048576K
}
Event: 2.738 GC heap after
{Heap after GC invocations=11 (full 0):
 garbage-first heap   total 86016K, used 23041K [0x0000000702400000, 0x0000000800000000)
  region size 2048K, 1 young (2048K), 1 survivors (2048K)
 Metaspace       used 38627K, capacity 39206K, committed 39344K, reserved 1083392K
  class space    used 5101K, capacity 5277K, committed 5376K, reserved 1048576K
}
Event: 3.100 GC heap before
{Heap before GC invocations=12 (full 0):
 garbage-first heap   total 86016K, used 61953K [0x0000000702400000, 0x0000000800000000)
  region size 2048K, 21 young (43008K), 1 survivors (2048K)
 Metaspace       used 45893K, capacity 46489K, committed 46640K, reserved 1089536K
  class space    used 6235K, capacity 6440K, committed 6528K, reserved 1048576K
}
Event: 3.103 GC heap after
{Heap after GC invocations=13 (full 0):
 garbage-first heap   total 86016K, used 24361K [0x0000000702400000, 0x0000000800000000)
  region size 2048K, 2 young (4096K), 2 survivors (4096K)
 Metaspace       used 45893K, capacity 46489K, committed 46640K, reserved 1089536K
  class space    used 6235K, capacity 6440K, committed 6528K, reserved 1048576K
}
Event: 3.500 GC heap before
{Heap before GC invocations=13 (full 0):
 garbage-first heap   total 86016K, used 63273K [0x0000000702400000, 0x0000000800000000)
  region size 2048K, 21 young (43008K), 2 survivors (4096K)
 Metaspace       used 51719K, capacity 52309K, committed 52400K, reserved 1095680K
  class space    used 6971K, capacity 7159K, committed 7168K, reserved 1048576K
}
Event: 3.503 GC heap after
{Heap after GC invocations=14 (full 0):
 garbage-first heap   total 86016K, used 26379K [0x0000000702400000, 0x0000000800000000)
  region size 2048K, 3 young (6144K), 3 survivors (6144K)
 Metaspace       used 51719K, capacity 52309K, committed 52400K, reserved 1095680K
  class space    used 6971K, capacity 7159K, committed 7168K, reserved 1048576K
}
Event: 3.785 GC heap before
{Heap before GC invocations=14 (full 0):
 garbage-first heap   total 86016K, used 63243K [0x0000000702400000, 0x0000000800000000)
  region size 2048K, 21 young (43008K), 3 survivors (6144K)
 Metaspace       used 53920K, capacity 54534K, committed 54576K, reserved 1095680K
  class space    used 7296K, capacity 7527K, committed 7552K, reserved 1048576K
}
Event: 3.789 GC heap after
{Heap after GC invocations=15 (full 0):
 garbage-first heap   total 86016K, used 28661K [0x0000000702400000, 0x0000000800000000)
  region size 2048K, 3 young (6144K), 3 survivors (6144K)
 Metaspace       used 53920K, capacity 54534K, committed 54576K, reserved 1095680K
  class space    used 7296K, capacity 7527K, committed 7552K, reserved 1048576K
}
Event: 4.113 GC heap before
{Heap before GC invocations=15 (full 0):
 garbage-first heap   total 86016K, used 63477K [0x0000000702400000, 0x0000000800000000)
  region size 2048K, 20 young (40960K), 3 survivors (6144K)
 Metaspace       used 57065K, capacity 57746K, committed 57904K, reserved 1099776K
  class space    used 7744K, capacity 7973K, committed 8064K, reserved 1048576K
}
Event: 4.118 GC heap after
{Heap after GC invocations=16 (full 0):
 garbage-first heap   total 86016K, used 31751K [0x0000000702400000, 0x0000000800000000)
  region size 2048K, 3 young (6144K), 3 survivors (6144K)
 Metaspace       used 57065K, capacity 57746K, committed 57904K, reserved 1099776K
  class space    used 7744K, capacity 7973K, committed 8064K, reserved 1048576K
}
Event: 12.376 GC heap before
{Heap before GC invocations=16 (full 0):
 garbage-first heap   total 86016K, used 62471K [0x0000000702400000, 0x0000000800000000)
  region size 2048K, 19 young (38912K), 3 survivors (6144K)
 Metaspace       used 62653K, capacity 63439K, committed 63792K, reserved 1103872K
  class space    used 8463K, capacity 8725K, committed 8832K, reserved 1048576K
}
Event: 12.381 GC heap after
{Heap after GC invocations=17 (full 0):
 garbage-first heap   total 86016K, used 33988K [0x0000000702400000, 0x0000000800000000)
  region size 2048K, 2 young (4096K), 2 survivors (4096K)
 Metaspace       used 62653K, capacity 63439K, committed 63792K, reserved 1103872K
  class space    used 8463K, capacity 8725K, committed 8832K, reserved 1048576K
}
Event: 17.389 GC heap before
{Heap before GC invocations=17 (full 0):
 garbage-first heap   total 86016K, used 54468K [0x0000000702400000, 0x0000000800000000)
  region size 2048K, 13 young (26624K), 2 survivors (4096K)
 Metaspace       used 65144K, capacity 65863K, committed 66000K, reserved 1105920K
  class space    used 8762K, capacity 9020K, committed 9088K, reserved 1048576K
}
Event: 17.392 GC heap after
{Heap after GC invocations=18 (full 0):
 garbage-first heap   total 86016K, used 36139K [0x0000000702400000, 0x0000000800000000)
  region size 2048K, 3 young (6144K), 3 survivors (6144K)
 Metaspace       used 65144K, capacity 65863K, committed 66000K, reserved 1105920K
  class space    used 8762K, capacity 9020K, committed 9088K, reserved 1048576K
}
Event: 28.521 GC heap before
{Heap before GC invocations=19 (full 0):
 garbage-first heap   total 86016K, used 60715K [0x0000000702400000, 0x0000000800000000)
  region size 2048K, 16 young (32768K), 3 survivors (6144K)
 Metaspace       used 67300K, capacity 68147K, committed 68432K, reserved 1107968K
  class space    used 8914K, capacity 9182K, committed 9216K, reserved 1048576K
}
Event: 28.524 GC heap after
{Heap after GC invocations=20 (full 0):
 garbage-first heap   total 86016K, used 36569K [0x0000000702400000, 0x0000000800000000)
  region size 2048K, 1 young (2048K), 1 survivors (2048K)
 Metaspace       used 67300K, capacity 68147K, committed 68432K, reserved 1107968K
  class space    used 8914K, capacity 9182K, committed 9216K, reserved 1048576K
}

Deoptimization events (14 events):
Event: 1.599 Thread 0x000001a2b6f819f0 DEOPT PACKING pc=0x000001a29a585ffc sp=0x0000005a6a9fc840
Event: 1.599 Thread 0x000001a2b6f819f0 DEOPT UNPACKING pc=0x000001a299bbe23f sp=0x0000005a6a9fbd98 mode 0
Event: 2.254 Thread 0x000001a2b6f819f0 DEOPT PACKING pc=0x000001a29a55d886 sp=0x0000005a6a9fd820
Event: 2.254 Thread 0x000001a2b6f819f0 DEOPT UNPACKING pc=0x000001a299bbe23f sp=0x0000005a6a9fccb0 mode 3
Event: 2.254 Thread 0x000001a2b8626010 DEOPT PACKING pc=0x000001a29a50f499 sp=0x0000005a6b2fef40
Event: 2.254 Thread 0x000001a2b8626010 DEOPT UNPACKING pc=0x000001a299bbe23f sp=0x0000005a6b2fe398 mode 3
Event: 3.686 Thread 0x000001a2b6f819f0 DEOPT PACKING pc=0x000001a29ab07a6c sp=0x0000005a6a9fd1b0
Event: 3.686 Thread 0x000001a2b6f819f0 DEOPT UNPACKING pc=0x000001a299bbe23f sp=0x0000005a6a9fc730 mode 0
Event: 3.773 Thread 0x000001a2b6f819f0 DEOPT PACKING pc=0x000001a29a5ab97a sp=0x0000005a6a9fce60
Event: 3.773 Thread 0x000001a2b6f819f0 DEOPT UNPACKING pc=0x000001a299bbe23f sp=0x0000005a6a9fc368 mode 3
Event: 4.737 Thread 0x000001a2b86536a0 DEOPT PACKING pc=0x000001a29a413114 sp=0x0000005a6befd010
Event: 4.737 Thread 0x000001a2b86536a0 DEOPT UNPACKING pc=0x000001a299bbe23f sp=0x0000005a6befc538 mode 0
Event: 4.737 Thread 0x000001a2b8652d00 DEOPT PACKING pc=0x000001a29a41327a sp=0x0000005a6a8fcf70
Event: 4.737 Thread 0x000001a2b8652d00 DEOPT UNPACKING pc=0x000001a299bbe23f sp=0x0000005a6a8fc498 mode 0

Classes unloaded (0 events):
No events

Classes redefined (0 events):
No events

Internal exceptions (20 events):
Event: 4.193 Thread 0x000001a2b6f819f0 Exception <a 'java/lang/NoSuchMethodError'{0x0000000709a76ea8}: 'java.lang.Object java.lang.invoke.DirectMethodHandle$Holder.invokeSpecial(java.lang.Object, java.lang.Object, int, java.lang.Object, int, java.lang.Object)'> (0x0000000709a76ea8) 
thrown [./open/src/hotspot/share/interpreter/linkResolver.cpp, line 782]
Event: 4.194 Thread 0x000001a2b6f819f0 Exception <a 'java/lang/NoSuchMethodError'{0x0000000709a7f938}: 'java.lang.Object java.lang.invoke.DirectMethodHandle$Holder.newInvokeSpecial(java.lang.Object, java.lang.Object, int, java.lang.Object, int)'> (0x0000000709a7f938) 
thrown [./open/src/hotspot/share/interpreter/linkResolver.cpp, line 782]
Event: 4.194 Thread 0x000001a2b6f819f0 Exception <a 'java/lang/NoSuchMethodError'{0x0000000709a83b48}: 'java.lang.Object java.lang.invoke.DirectMethodHandle$Holder.invokeSpecial(java.lang.Object, java.lang.Object, java.lang.Object, int, java.lang.Object, int)'> (0x0000000709a83b48) 
thrown [./open/src/hotspot/share/interpreter/linkResolver.cpp, line 782]
Event: 4.194 Thread 0x000001a2b6f819f0 Exception <a 'java/lang/NoSuchMethodError'{0x0000000709a8e7d8}: 'void java.lang.invoke.DirectMethodHandle$Holder.invokeVirtual(java.lang.Object, java.lang.Object)'> (0x0000000709a8e7d8) 
thrown [./open/src/hotspot/share/interpreter/linkResolver.cpp, line 782]
Event: 4.240 Thread 0x000001a2b6f819f0 Exception <a 'java/lang/ClassNotFoundException'{0x0000000709931e78}: java/lang/ObjectCustomizer> (0x0000000709931e78) 
thrown [./open/src/hotspot/share/classfile/systemDictionary.cpp, line 295]
Event: 4.240 Thread 0x000001a2b6f819f0 Exception <a 'java/lang/ClassNotFoundException'{0x00000007099417b8}: com/example/hackathonendava/model/TaskCustomizer> (0x00000007099417b8) 
thrown [./open/src/hotspot/share/classfile/systemDictionary.cpp, line 295]
Event: 4.278 Thread 0x000001a2b6f819f0 Exception <a 'java/lang/NoSuchMethodError'{0x0000000706c69e90}: 'java.lang.Object java.lang.invoke.DirectMethodHandle$Holder.newInvokeSpecial(java.lang.Object, java.lang.Object, java.lang.Object, long)'> (0x0000000706c69e90) 
thrown [./open/src/hotspot/share/interpreter/linkResolver.cpp, line 782]
Event: 4.278 Thread 0x000001a2b6f819f0 Exception <a 'java/lang/NoSuchMethodError'{0x0000000706c6e2a0}: 'java.lang.Object java.lang.invoke.DirectMethodHandle$Holder.invokeSpecial(java.lang.Object, java.lang.Object, java.lang.Object, java.lang.Object, long)'> (0x0000000706c6e2a0) 
thrown [./open/src/hotspot/share/interpreter/linkResolver.cpp, line 782]
Event: 4.278 Thread 0x000001a2b6f819f0 Exception <a 'java/lang/NoSuchMethodError'{0x0000000706c72068}: 'java.lang.Object java.lang.invoke.Invokers$Holder.linkToTargetMethod(java.lang.Object, java.lang.Object, long, java.lang.Object)'> (0x0000000706c72068) 
thrown [./open/src/hotspot/share/interpreter/linkResolver.cpp, line 782]
Event: 12.530 Thread 0x000001a2b8652360 Exception <a 'java/lang/NoSuchMethodError'{0x000000070961e830}: 'java.lang.Object java.lang.invoke.DirectMethodHandle$Holder.newInvokeSpecial(java.lang.Object, java.lang.Object, java.lang.Object, java.lang.Object, java.lang.Object, java.lang.Object, java.lang.Object)'> (0x000000070961e830) 
thrown [./open/src/hotspot/share/interpreter/linkResolver.cpp, line 782]
Event: 12.530 Thread 0x000001a2b8652360 Exception <a 'java/lang/NoSuchMethodError'{0x0000000709622ee0}: 'java.lang.Object java.lang.invoke.Invokers$Holder.linkToTargetMethod(java.lang.Object, java.lang.Object, java.lang.Object, java.lang.Object, java.lang.Object, java.lang.Object, java.lang.Object)'> (0x0000000709622ee0) 
thrown [./open/src/hotspot/share/interpreter/linkResolver.cpp, line 782]
Event: 12.557 Thread 0x000001a2b86514f0 Exception <a 'java/lang/NoSuchMethodError'{0x00000007096a9b20}: 'java.lang.Object java.lang.invoke.DirectMethodHandle$Holder.invokeStatic(java.lang.Object, int, int)'> (0x00000007096a9b20) 
thrown [./open/src/hotspot/share/interpreter/linkResolver.cpp, line 782]
Event: 13.835 Thread 0x000001a2b864fce0 Exception <a 'java/lang/ClassNotFoundException'{0x0000000706b01458}: java/lang/ObjectCustomizer> (0x0000000706b01458) 
thrown [./open/src/hotspot/share/classfile/systemDictionary.cpp, line 295]
Event: 13.836 Thread 0x000001a2b864fce0 Exception <a 'java/lang/ClassNotFoundException'{0x0000000706b15690}: com/example/hackathonendava/registration/UserCustomizer> (0x0000000706b15690) 
thrown [./open/src/hotspot/share/classfile/systemDictionary.cpp, line 295]
Event: 17.378 Thread 0x000001a2ba7823f0 Exception <a 'java/lang/NoSuchMethodError'{0x00000007062d8fd8}: 'java.lang.Object java.lang.invoke.DirectMethodHandle$Holder.invokeStaticInit(java.lang.Object, java.lang.Object, java.lang.Object, java.lang.Object, java.lang.Object, java.lang.Object)'> (0x00000007062d8fd8) 
thrown [./open/src/hotspot/share/interpreter/linkResolver.cpp, line 782]
Event: 36.517 Thread 0x000001a2ba7823f0 Exception <a 'java/net/SocketException'{0x00000007097e1d38}: Connection reset by peer: shutdown> (0x00000007097e1d38) 
thrown [./open/src/hotspot/share/prims/jni.cpp, line 599]
Event: 48.074 Thread 0x000001a2b864fce0 Exception <a 'java/lang/RuntimeException'{0x0000000706b20458}> (0x0000000706b20458) 
thrown [./open/src/hotspot/share/prims/jni.cpp, line 578]
Event: 48.074 Thread 0x000001a2b864fce0 Exception <a 'java/lang/reflect/InvocationTargetException'{0x000000070696d318}> (0x000000070696d318) 
thrown [./open/src/hotspot/share/runtime/reflection.cpp, line 1157]
Event: 48.081 Thread 0x000001a2b864fce0 Exception <a 'java/lang/NoClassDefFoundError'{0x00000007069cf0f8}: sun/reflect/Reflection> (0x00000007069cf0f8) 
thrown [./open/src/hotspot/share/classfile/systemDictionary.cpp, line 284]
Event: 48.105 Thread 0x000001a2b864fce0 Exception <a 'java/io/IOException'{0x0000000706467530}> (0x0000000706467530) 
thrown [./open/src/hotspot/share/prims/jni.cpp, line 578]

Events (20 events):
Event: 36.597 Executing VM operation: HandshakeAllThreads
Event: 36.597 Executing VM operation: HandshakeAllThreads done
Event: 37.597 Executing VM operation: HandshakeAllThreads
Event: 37.597 Executing VM operation: HandshakeAllThreads done
Event: 38.612 Executing VM operation: HandshakeAllThreads
Event: 38.612 Executing VM operation: HandshakeAllThreads done
Event: 48.081 loading class sun/reflect/Reflection
Event: 48.081 loading class sun/reflect/Reflection done
Event: 48.084 loading class jdk/internal/loader/BootLoader$PackageHelper
Event: 48.084 loading class jdk/internal/loader/BootLoader$PackageHelper done
Event: 48.099 loading class java/util/Scanner
Event: 48.100 loading class java/util/Scanner done
Event: 48.100 loading class java/util/Scanner$PatternLRUCache
Event: 48.101 loading class java/util/Scanner$PatternLRUCache done
Event: 48.101 Executing VM operation: ICBufferFull
Event: 48.101 Executing VM operation: ICBufferFull done
Event: 48.102 Executing VM operation: ICBufferFull
Event: 48.102 Executing VM operation: ICBufferFull done
Event: 48.103 loading class java/util/regex/Matcher$ImmutableMatchResult
Event: 48.103 loading class java/util/regex/Matcher$ImmutableMatchResult done


Dynamic libraries:
0x00007ff7c0c30000 - 0x00007ff7c0c3d000 	C:\Program Files (x86)\Java\jdk-15.0.2\bin\java.exe
0x00007ffb71a50000 - 0x00007ffb71c45000 	C:\Windows\SYSTEM32\ntdll.dll
0x00007ffb71370000 - 0x00007ffb7142e000 	C:\Windows\System32\KERNEL32.DLL
0x00007ffb6f4d0000 - 0x00007ffb6f798000 	C:\Windows\System32\KERNELBASE.dll
0x00007ffb6f860000 - 0x00007ffb6f960000 	C:\Windows\System32\ucrtbase.dll
0x00007ffb6a420000 - 0x00007ffb6a438000 	C:\Program Files (x86)\Java\jdk-15.0.2\bin\jli.dll
0x00007ffb69330000 - 0x00007ffb69349000 	C:\Program Files (x86)\Java\jdk-15.0.2\bin\VCRUNTIME140.dll
0x00007ffb71430000 - 0x00007ffb715d1000 	C:\Windows\System32\USER32.dll
0x00007ffb6fa60000 - 0x00007ffb6fa82000 	C:\Windows\System32\win32u.dll
0x00007ffb5b120000 - 0x00007ffb5b3ba000 	C:\Windows\WinSxS\amd64_microsoft.windows.common-controls_6595b64144ccf1df_6.0.19041.1110_none_60b5254171f9507e\COMCTL32.dll
0x00007ffb71760000 - 0x00007ffb7178b000 	C:\Windows\System32\GDI32.dll
0x00007ffb70ee0000 - 0x00007ffb70f7e000 	C:\Windows\System32\msvcrt.dll
0x00007ffb6f160000 - 0x00007ffb6f26d000 	C:\Windows\System32\gdi32full.dll
0x00007ffb6f9c0000 - 0x00007ffb6fa5d000 	C:\Windows\System32\msvcp_win.dll
0x00007ffb719d0000 - 0x00007ffb71a00000 	C:\Windows\System32\IMM32.DLL
0x00007ffb6c630000 - 0x00007ffb6c63c000 	C:\Program Files (x86)\Java\jdk-15.0.2\bin\vcruntime140_1.dll
0x00007ffb602e0000 - 0x00007ffb60371000 	C:\Program Files (x86)\Java\jdk-15.0.2\bin\msvcp140.dll
0x00007ffb1bb30000 - 0x00007ffb1c68e000 	C:\Program Files (x86)\Java\jdk-15.0.2\bin\server\jvm.dll
0x00007ffb70cf0000 - 0x00007ffb70d9c000 	C:\Windows\System32\ADVAPI32.dll
0x00007ffb70ff0000 - 0x00007ffb7108b000 	C:\Windows\System32\sechost.dll
0x00007ffb71790000 - 0x00007ffb718ba000 	C:\Windows\System32\RPCRT4.dll
0x00007ffb70ce0000 - 0x00007ffb70ce8000 	C:\Windows\System32\PSAPI.DLL
0x00007ffb5b090000 - 0x00007ffb5b0b7000 	C:\Windows\SYSTEM32\WINMM.dll
0x00007ffb4fb40000 - 0x00007ffb4fb49000 	C:\Windows\SYSTEM32\WSOCK32.dll
0x00007ffb69140000 - 0x00007ffb6914a000 	C:\Windows\SYSTEM32\VERSION.dll
0x00007ffb70f80000 - 0x00007ffb70feb000 	C:\Windows\System32\WS2_32.dll
0x00007ffb6d0a0000 - 0x00007ffb6d0b2000 	C:\Windows\SYSTEM32\kernel.appcore.dll
0x00007ffb6a560000 - 0x00007ffb6a56a000 	C:\Program Files (x86)\Java\jdk-15.0.2\bin\jimage.dll
0x00007ffb6cac0000 - 0x00007ffb6cca4000 	C:\Windows\SYSTEM32\DBGHELP.DLL
0x00007ffb559b0000 - 0x00007ffb559dc000 	C:\Windows\SYSTEM32\dbgcore.DLL
0x00007ffb6f7a0000 - 0x00007ffb6f822000 	C:\Windows\System32\bcryptPrimitives.dll
0x00007ffb62b70000 - 0x00007ffb62b7e000 	C:\Program Files (x86)\Java\jdk-15.0.2\bin\instrument.dll
0x00007ffb611a0000 - 0x00007ffb611c5000 	C:\Program Files (x86)\Java\jdk-15.0.2\bin\java.dll
0x00007ffb70500000 - 0x00007ffb70c44000 	C:\Windows\System32\SHELL32.dll
0x00007ffb6d250000 - 0x00007ffb6d9e4000 	C:\Windows\SYSTEM32\windows.storage.dll
0x00007ffb6fa90000 - 0x00007ffb6fde5000 	C:\Windows\System32\combase.dll
0x00007ffb6ebb0000 - 0x00007ffb6ebde000 	C:\Windows\SYSTEM32\Wldp.dll
0x00007ffb71130000 - 0x00007ffb711dd000 	C:\Windows\System32\SHCORE.dll
0x00007ffb71310000 - 0x00007ffb71365000 	C:\Windows\System32\shlwapi.dll
0x00007ffb6f0a0000 - 0x00007ffb6f0bf000 	C:\Windows\SYSTEM32\profapi.dll
0x00007ffb61260000 - 0x00007ffb61278000 	C:\Program Files (x86)\Java\jdk-15.0.2\bin\zip.dll
0x00007ffb692d0000 - 0x00007ffb692e9000 	C:\Program Files (x86)\Java\jdk-15.0.2\bin\net.dll
0x00007ffb67550000 - 0x00007ffb6765c000 	C:\Windows\SYSTEM32\WINHTTP.dll
0x00007ffb6e8a0000 - 0x00007ffb6e90a000 	C:\Windows\system32\mswsock.dll
0x00007ffb692a0000 - 0x00007ffb692b2000 	C:\Program Files (x86)\Java\jdk-15.0.2\bin\nio.dll
0x00007ffb602a0000 - 0x00007ffb602ba000 	C:\Program Files\JetBrains\IntelliJ IDEA 2021.1\bin\breakgen64.dll
0x00007ffb6e5d0000 - 0x00007ffb6e69b000 	C:\Windows\SYSTEM32\DNSAPI.dll
0x00007ffb6e530000 - 0x00007ffb6e56b000 	C:\Windows\SYSTEM32\IPHLPAPI.DLL
0x00007ffb71a00000 - 0x00007ffb71a08000 	C:\Windows\System32\NSI.dll
0x0000000052530000 - 0x0000000052556000 	C:\Program Files\Bonjour\mdnsNSP.dll
0x00007ffb680c0000 - 0x00007ffb680ca000 	C:\Windows\System32\rasadhlp.dll
0x00007ffb66ba0000 - 0x00007ffb66c1f000 	C:\Windows\System32\fwpuclnt.dll
0x00007ffb6f830000 - 0x00007ffb6f857000 	C:\Windows\System32\bcrypt.dll
0x00007ffb61160000 - 0x00007ffb61169000 	C:\Program Files (x86)\Java\jdk-15.0.2\bin\management.dll
0x00007ffb60b40000 - 0x00007ffb60b4b000 	C:\Program Files (x86)\Java\jdk-15.0.2\bin\management_ext.dll
0x00007ffb6eaa0000 - 0x00007ffb6eab8000 	C:\Windows\SYSTEM32\CRYPTSP.dll
0x00007ffb6e1c0000 - 0x00007ffb6e1f4000 	C:\Windows\system32\rsaenh.dll
0x00007ffb6f060000 - 0x00007ffb6f08e000 	C:\Windows\SYSTEM32\USERENV.dll
0x00007ffb6ea90000 - 0x00007ffb6ea9c000 	C:\Windows\SYSTEM32\CRYPTBASE.dll
0x00007ffb68b90000 - 0x00007ffb68ba7000 	C:\Windows\SYSTEM32\dhcpcsvc6.DLL
0x00007ffb68b70000 - 0x00007ffb68b8d000 	C:\Windows\SYSTEM32\dhcpcsvc.DLL
0x00007ffb61860000 - 0x00007ffb61877000 	C:\Windows\system32\napinsp.dll
0x00007ffb51750000 - 0x00007ffb5176b000 	C:\Windows\system32\pnrpnsp.dll
0x00007ffb501a0000 - 0x00007ffb501b5000 	C:\Windows\system32\wshbth.dll
0x00007ffb6a1f0000 - 0x00007ffb6a20d000 	C:\Windows\system32\NLAapi.dll
0x00007ffb4fe30000 - 0x00007ffb4fe42000 	C:\Windows\System32\winrnr.dll
0x00007ffb62b60000 - 0x00007ffb62b6d000 	C:\Program Files (x86)\Java\jdk-15.0.2\bin\sunmscapi.dll
0x00007ffb6f270000 - 0x00007ffb6f3c6000 	C:\Windows\System32\CRYPT32.dll
0x00007ffb6ec20000 - 0x00007ffb6ec47000 	C:\Windows\SYSTEM32\ncrypt.dll
0x00007ffb6ebe0000 - 0x00007ffb6ec1b000 	C:\Windows\SYSTEM32\NTASN1.dll
0x0000000064940000 - 0x0000000064955000 	C:\Users\vlad_\AppData\Local\Temp\javacpp2464776000348200\libwinpthread-1.dll
0x0000000061440000 - 0x000000006145c000 	C:\Users\vlad_\AppData\Local\Temp\javacpp2464776000348200\libgcc_s_seh-1.dll
0x000000006fc40000 - 0x000000006fd40000 	C:\Users\vlad_\AppData\Local\Temp\javacpp2464776000348200\libstdc++-6.dll
0x0000000065080000 - 0x000000006509f000 	C:\Users\vlad_\AppData\Local\Temp\javacpp2464776000348200\zlib1.dll
0x0000000067a80000 - 0x0000000067a93000 	C:\Users\vlad_\AppData\Local\Temp\javacpp2464776000348200\libgif-6.dll
0x000000006ad80000 - 0x000000006adf5000 	C:\Users\vlad_\AppData\Local\Temp\javacpp2464776000348200\libjpeg-62.dll
0x0000000068b40000 - 0x0000000068b7e000 	C:\Users\vlad_\AppData\Local\Temp\javacpp2464776000348200\libpng16-16.dll
0x0000000068ec0000 - 0x0000000068f31000 	C:\Users\vlad_\AppData\Local\Temp\javacpp2464776000348200\libtiff-5.dll
0x000000006f540000 - 0x000000006f5a3000 	C:\Users\vlad_\AppData\Local\Temp\javacpp2464776000348200\libwebp-5.dll
0x0000000071140000 - 0x000000007132f000 	C:\Users\vlad_\AppData\Local\Temp\javacpp2464776000348200\liblept-4.dll
0x000000006e240000 - 0x000000006e51a000 	C:\Users\vlad_\AppData\Local\Temp\javacpp2464776000348200\jnilept.dll
0x0000000000d70000 - 0x00000000012c5000 	C:\Users\vlad_\AppData\Local\Temp\javacpp2464776000348200\libtesseract-3.dll
0x0000000070280000 - 0x00000000702fe000 	C:\Users\vlad_\AppData\Local\Temp\javacpp2464776000348200\jnitesseract.dll

dbghelp: loaded successfully - version: 4.0.5 - missing functions: none
symbol engine: initialized successfully - sym options: 0x614 - pdb path: .;C:\Program Files (x86)\Java\jdk-15.0.2\bin;C:\Windows\SYSTEM32;C:\Windows\WinSxS\amd64_microsoft.windows.common-controls_6595b64144ccf1df_6.0.19041.1110_none_60b5254171f9507e;C:\Program Files (x86)\Java\jdk-15.0.2\bin\server;C:\Program Files\JetBrains\IntelliJ IDEA 2021.1\bin;C:\Program Files\Bonjour;C:\Users\vlad_\AppData\Local\Temp\javacpp2464776000348200

VM Arguments:
jvm_args: -XX:TieredStopAtLevel=1 -Xverify:none -Dspring.output.ansi.enabled=always -javaagent:C:\Program Files\JetBrains\IntelliJ IDEA 2021.1\lib\idea_rt.jar=61330:C:\Program Files\JetBrains\IntelliJ IDEA 2021.1\bin -Dcom.sun.management.jmxremote -Dspring.jmx.enabled=true -Dspring.liveBeansView.mbeanDomain -Dspring.application.admin.enabled=true -Dfile.encoding=UTF-8 
java_command: com.example.hackathonendava.HackathonEndavaApplication
java_class_path (initial): C:\Users\vlad_\Desktop\Ultimul_push_Endava\HackathonEndavaBlue\target\classes;C:\Users\vlad_\.m2\repository\org\springframework\boot\spring-boot-starter-web\2.6.1\spring-boot-starter-web-2.6.1.jar;C:\Users\vlad_\.m2\repository\org\springframework\boot\spring-boot-starter\2.6.1\spring-boot-starter-2.6.1.jar;C:\Users\vlad_\.m2\repository\org\springframework\boot\spring-boot-starter-logging\2.6.1\spring-boot-starter-logging-2.6.1.jar;C:\Users\vlad_\.m2\repository\ch\qos\logback\logback-classic\1.2.7\logback-classic-1.2.7.jar;C:\Users\vlad_\.m2\repository\ch\qos\logback\logback-core\1.2.7\logback-core-1.2.7.jar;C:\Users\vlad_\.m2\repository\org\apache\logging\log4j\log4j-to-slf4j\2.14.1\log4j-to-slf4j-2.14.1.jar;C:\Users\vlad_\.m2\repository\org\apache\logging\log4j\log4j-api\2.14.1\log4j-api-2.14.1.jar;C:\Users\vlad_\.m2\repository\org\slf4j\jul-to-slf4j\1.7.32\jul-to-slf4j-1.7.32.jar;C:\Users\vlad_\.m2\repository\jakarta\annotation\jakarta.annotation-api\1.3.5\jakarta.annotation-api-1.3.5.jar;C:\Users\vlad_\.m2\repository\org\yaml\snakeyaml\1.29\snakeyaml-1.29.jar;C:\Users\vlad_\.m2\repository\org\springframework\boot\spring-boot-starter-json\2.6.1\spring-boot-starter-json-2.6.1.jar;C:\Users\vlad_\.m2\repository\com\fasterxml\jackson\core\jackson-databind\2.13.0\jackson-databind-2.13.0.jar;C:\Users\vlad_\.m2\repository\com\fasterxml\jackson\core\jackson-annotations\2.13.0\jackson-annotations-2.13.0.jar;C:\Users\vlad_\.m2\repository\com\fasterxml\jackson\core\jackson-core\2.13.0\jackson-core-2.13.0.jar;C:\Users\vlad_\.m2\repository\com\fasterxml\jackson\datatype\jackson-datatype-jdk8\2.13.0\jackson-datatype-jdk8-2.13.0.jar;C:\Users\vlad_\.m2\repository\com\fasterxml\jackson\datatype\jackson-datatype-jsr310\2.13.0\jackson-datatype-jsr310-2.13.0.jar;C:\Users\vlad_\.m2\repository\com\fasterxml\jackson\module\jackson-module-parameter-names\2.13.0\jackson-module-parameter-names-2.13.0.jar;C:\Users\vlad_\.m2\repository\org\springframework\boot\sp
Launcher Type: SUN_STANDARD

[Global flags]
     intx CICompilerCount                          = 4                                         {product} {ergonomic}
     uint ConcGCThreads                            = 3                                         {product} {ergonomic}
     uint G1ConcRefinementThreads                  = 10                                        {product} {ergonomic}
   size_t G1HeapRegionSize                         = 2097152                                   {product} {ergonomic}
    uintx GCDrainStackTargetSize                   = 64                                        {product} {ergonomic}
   size_t InitialHeapSize                          = 266338304                                 {product} {ergonomic}
     bool ManagementServer                         = true                                      {product} {command line}
   size_t MarkStackSize                            = 4194304                                   {product} {ergonomic}
   size_t MaxHeapSize                              = 4257218560                                {product} {ergonomic}
   size_t MaxNewSize                               = 2554331136                                {product} {ergonomic}
   size_t MinHeapDeltaBytes                        = 2097152                                   {product} {ergonomic}
   size_t MinHeapSize                              = 8388608                                   {product} {ergonomic}
    uintx NonNMethodCodeHeapSize                   = 7549744                                {pd product} {ergonomic}
    uintx NonProfiledCodeHeapSize                  = 244108496                              {pd product} {ergonomic}
    uintx ProfiledCodeHeapSize                     = 0                                      {pd product} {ergonomic}
    uintx ReservedCodeCacheSize                    = 251658240                              {pd product} {ergonomic}
     bool SegmentedCodeCache                       = true                                      {product} {ergonomic}
   size_t SoftMaxHeapSize                          = 4257218560                             {manageable} {ergonomic}
     intx TieredStopAtLevel                        = 1                                         {product} {command line}
     bool UseCompressedClassPointers               = true                                 {lp64_product} {ergonomic}
     bool UseCompressedOops                        = true                                 {lp64_product} {ergonomic}
     bool UseG1GC                                  = true                                      {product} {ergonomic}
     bool UseLargePagesIndividualAllocation        = false                                  {pd product} {ergonomic}

Logging:
Log output configuration:
 #0: stdout all=warning uptime,level,tags
 #1: stderr all=off uptime,level,tags

Environment Variables:
JAVA_HOME=C:\Program Files (x86)\Java\jdk-15.0.2
PATH=C:\Python39\Scripts\;C:\Python39\;C:\Windows\system32;C:\Windows;C:\Windows\System32\Wbem;C:\Windows\System32\WindowsPowerShell\v1.0\;C:\Program Files\Common Files\Oracle\Java\javapath;C:\Windows\System32\OpenSSH\;C:\Program Files\maven\apache-maven-3.8.1\bin;C:\Program Files (x86)\Calibre2\;C:\Program Files\Git\cmd;C:\Program Files\Docker\Docker\resources\bin;C:\ProgramData\DockerDesktop\version-bin;C:\Program Files\dotnet\;C:\Program Files (x86)\Java\jdk-15.0.2\bin;C:\Program Files\nodejs\;C:\ProgramData\chocolatey\bin;D:\Brackets Editor\command;C:\Program Files\MySQL\MySQL Shell 8.0\bin\;C:\Users\vlad_\AppData\Local\Programs\Python\Python37\Scripts\;C:\Users\vlad_\AppData\Local\Programs\Python\Python37\;C:\Users\vlad_\AppData\Local\Microsoft\WindowsApps;C:\Users\vlad_\.dotnet\tools;C:\Users\vlad_\AppData\Roaming\npm;C:\Users\vlad_\AppData\Local\Programs\Microsoft VS Code\bin;C:\Users\vlad_\AppData\Local\GitHubDesktop\bin
USERNAME=vlad_
OS=Windows_NT
PROCESSOR_IDENTIFIER=Intel64 Family 6 Model 158 Stepping 13, GenuineIntel



---------------  S Y S T E M  ---------------

OS:
 Windows 10 , 64 bit Build 19041 (10.0.19041.1348)
OS uptime: 28 days 12:37 hours

CPU: total 12 (initial active 12) (6 cores per cpu, 2 threads per core) family 6 model 158 stepping 13 microcode 0xb8, cmov, cx8, fxsr, mmx, sse, sse2, sse3, ssse3, sse4.1, sse4.2, popcnt, vzeroupper, avx, avx2, aes, clmul, erms, 3dnowpref, lzcnt, ht, tsc, tscinvbit, bmi1, bmi2, adx, fma, clflush, clflushopt

Memory: 4k page, system-wide physical 16234M (2138M free)
TotalPageFile size 31934M (AvailPageFile size 4631M)
current process WorkingSet (physical memory assigned to process): 294M, peak: 295M
current process commit charge ("private bytes"): 341M, peak: 385M

vm_info: OpenJDK 64-Bit Server VM (15.0.2+7-27) for windows-amd64 JRE (15.0.2+7-27), built on Dec  7 2020 20:02:38 by "mach5one" with unknown MS VC++:1925

END.
